<?xml version="1.0" encoding="UTF-8"?>
<!-- Generated by org.testng.reporters.JUnitXMLReporter -->
<testsuite ignored="26" hostname="eb48af6ee186" failures="0" tests="2" name="Surefire test" time="22.084" errors="0" timestamp="2024-09-17T12:39:57 UTC">
  <testcase classname="m.api.user.UserTest" name="userCrudTest" time="6.601"/>
  <testcase classname="m.api.tenant.TenantTest" name="tenantCrudTest" time="7.292"/>
  <testcase classname="m.TestTest" name="maxSubArraySum" time="0.0">
    <ignored/>
  </testcase> <!-- maxSubArraySum -->
  <testcase classname="m.TestTest" name="linesSorting" time="0.0">
    <ignored/>
  </testcase> <!-- linesSorting -->
  <testcase classname="m.ui.login.LoginTest" name="login12Test" time="0.0">
    <ignored/>
  </testcase> <!-- login12Test -->
  <testcase classname="m.TestTest" name="isNumberPalindrome" time="0.0">
    <ignored/>
  </testcase> <!-- isNumberPalindrome -->
  <testcase classname="m.TestTest" name="isAllPositive" time="0.0">
    <ignored/>
  </testcase> <!-- isAllPositive -->
  <testcase classname="m.TestTest" name="sumInRange" time="0.0">
    <ignored/>
  </testcase> <!-- sumInRange -->
  <testcase classname="m.TestTest" name="testInversionCount" time="0.0">
    <ignored/>
  </testcase> <!-- testInversionCount -->
  <testcase classname="m.TestTest" name="powSum" time="0.0">
    <ignored/>
  </testcase> <!-- powSum -->
  <testcase classname="m.TestTest" name="reverseNumber" time="0.0">
    <ignored/>
  </testcase> <!-- reverseNumber -->
  <testcase classname="m.TestTest" name="swap" time="0.0">
    <ignored/>
  </testcase> <!-- swap -->
  <testcase classname="m.TestTest" name="oddFiltering" time="0.0">
    <ignored/>
  </testcase> <!-- oddFiltering -->
  <testcase classname="m.TestTest" name="symbolsCount" time="0.0">
    <ignored/>
  </testcase> <!-- symbolsCount -->
  <testcase classname="m.TestTest" name="longestSubstring" time="0.0">
    <ignored/>
  </testcase> <!-- longestSubstring -->
  <testcase classname="m.TestTest" name="testSortArray" time="0.0">
    <ignored/>
  </testcase> <!-- testSortArray -->
  <testcase classname="m.TestTest" name="avg" time="0.0">
    <ignored/>
  </testcase> <!-- avg -->
  <testcase classname="m.TestTest" name="max" time="0.0">
    <ignored/>
  </testcase> <!-- max -->
  <testcase classname="m.TestTest" name="testPalindrome" time="0.0">
    <ignored/>
  </testcase> <!-- testPalindrome -->
  <testcase classname="m.TestTest" name="strings" time="0.0">
    <ignored/>
  </testcase> <!-- strings -->
  <testcase classname="m.TestTest" name="primeNumber" time="0.0">
    <ignored/>
  </testcase> <!-- primeNumber -->
  <testcase classname="m.ui.login.LoginTest" name="login11Test" time="0.0">
    <ignored/>
  </testcase> <!-- login11Test -->
  <testcase classname="m.TestTest" name="twoMax" time="0.0">
    <ignored/>
  </testcase> <!-- twoMax -->
  <testcase classname="m.TestTest" name="printDuplicates" time="0.0">
    <ignored/>
  </testcase> <!-- printDuplicates -->
  <testcase classname="m.TestTest" name="reverseString" time="0.0">
    <ignored/>
  </testcase> <!-- reverseString -->
  <testcase classname="m.TestTest" name="testParentheses" time="0.0">
    <ignored/>
  </testcase> <!-- testParentheses -->
  <testcase classname="m.TestTest" name="numbers" time="0.0">
    <ignored/>
  </testcase> <!-- numbers -->
  <testcase classname="m.TestTest" name="firstLongString" time="0.0">
    <ignored/>
  </testcase> <!-- firstLongString -->
</testsuite> <!-- Surefire test -->
